2022-06-21 08:50:02,157 INFO notifyConnectTimeout:200

2022-06-21 08:50:02,166 INFO notifySocketTimeout:8000

2022-06-21 08:50:02,166 INFO isHealthCheck:true

2022-06-21 08:50:02,166 INFO maxHealthCheckFailCount:12

2022-06-21 08:50:02,166 INFO maxContent:10485760

2022-06-21 08:50:09,243 INFO use local db service for init

2022-06-21 08:50:10,780 WARN Lexical error at line 4, column 66.  Encountered: <EOF> after : "".

2022-06-21 08:50:10,822 WARN Syntax error: Encountered "*" at line 1, column 1.

2022-06-21 08:50:11,250 WARN Lexical error at line 4, column 13.  Encountered: "`" (96), after : "".

2022-06-21 08:50:11,251 WARN Lexical error at line 1, column 13.  Encountered: "`" (96), after : "".

2022-06-21 08:50:11,252 WARN Lexical error at line 1, column 13.  Encountered: "`" (96), after : "".

2022-06-21 08:50:11,252 WARN Lexical error at line 1, column 13.  Encountered: "`" (96), after : "".

2022-06-21 08:50:11,252 INFO use StandaloneDatabaseOperateImpl

2022-06-21 08:50:12,562 WARN DumpService start

2022-06-21 08:50:12,563 INFO start clear all config-info.

2022-06-21 08:50:12,563 WARN clear all config-info failed.

2022-06-21 08:50:12,564 WARN clear all config-info-tenant failed.

2022-06-21 08:50:12,608 INFO start clear all config-info-beta.

2022-06-21 08:50:12,608 WARN clear all config-info-beta failed.

2022-06-21 08:50:12,608 WARN clear all config-info-beta-tenant failed.

2022-06-21 08:50:12,618 INFO start clear all config-info-tag.

2022-06-21 08:50:12,618 WARN clear all config-info-tag failed.

2022-06-21 08:50:12,618 WARN clear all config-info-tag-tenant failed.

