2022-06-21 08:50:02,174 INFO Starting Nacos v1.4.2 on DESKTOP-9T8T1CD with PID 13204 (C:\nacos-server-1.4.2\nacos\target\nacos-server.jar started by NoFat in C:\nacos-server-1.4.2\nacos\bin)

2022-06-21 08:50:02,175 INFO The following profiles are active: standalone

2022-06-21 08:50:07,801 INFO Bean 'org.springframework.security.access.expression.method.DefaultMethodSecurityExpressionHandler@29cfd92b' of type [org.springframework.security.access.expression.method.DefaultMethodSecurityExpressionHandler] is not eligible for getting processed by all BeanPostProcessors (for example: not eligible for auto-proxying)

2022-06-21 08:50:07,806 INFO Bean 'methodSecurityMetadataSource' of type [org.springframework.security.access.method.DelegatingMethodSecurityMetadataSource] is not eligible for getting processed by all BeanPostProcessors (for example: not eligible for auto-proxying)

2022-06-21 08:50:08,347 INFO Tomcat initialized with port(s): 9000 (http)

2022-06-21 08:50:08,387 INFO Starting service [Tomcat]

2022-06-21 08:50:08,387 INFO Starting Servlet engine: [Apache Tomcat/9.0.38]

2022-06-21 08:50:08,405 INFO Loaded Apache Tomcat Native library [1.2.26] using APR version [1.7.0].

2022-06-21 08:50:08,406 INFO APR capabilities: IPv6 [true], sendfile [true], accept filters [false], random [true].

2022-06-21 08:50:08,406 INFO APR/OpenSSL configuration: useAprConnector [false], useOpenSSL [true]

2022-06-21 08:50:08,420 INFO OpenSSL successfully initialized [OpenSSL 1.1.1i  8 Dec 2020]

2022-06-21 08:50:08,891 INFO At least one JAR was scanned for TLDs yet contained no TLDs. Enable debug logging for this logger for a complete list of JARs that were scanned but no TLDs were found in them. Skipping unneeded JARs during scanning can improve startup time and JSP compilation time.

2022-06-21 08:50:08,938 INFO Initializing Spring embedded WebApplicationContext

2022-06-21 08:50:08,938 INFO Root WebApplicationContext: initialization completed in 6681 ms

2022-06-21 08:50:09,738 INFO HikariPool-1 - Starting...

2022-06-21 08:50:09,748 WARN Registered driver with driverClassName=org.apache.derby.jdbc.EmbeddedDriver was not found, trying direct instantiation.

2022-06-21 08:50:10,626 INFO HikariPool-1 - Driver does not support get/set network timeout for connections. (Feature not implemented: No details.)

2022-06-21 08:50:10,632 INFO HikariPool-1 - Start completed.

2022-06-21 08:50:11,772 INFO Nacos-related cluster resource initialization

2022-06-21 08:50:11,782 INFO The cluster resource is initialized

2022-06-21 08:50:12,261 INFO Reflections took 43 ms to scan 1 urls, producing 4 keys and 6 values 

2022-06-21 08:50:12,288 INFO Reflections took 6 ms to scan 1 urls, producing 6 keys and 26 values 

2022-06-21 08:50:12,305 INFO Reflections took 5 ms to scan 1 urls, producing 3 keys and 15 values 

2022-06-21 08:50:12,317 INFO Reflections took 3 ms to scan 1 urls, producing 2 keys and 12 values 

2022-06-21 08:50:13,222 INFO Initializing ExecutorService 'applicationTaskExecutor'

2022-06-21 08:50:13,344 INFO Adding welcome page: class path resource [static/index.html]

2022-06-21 08:50:13,924 INFO Creating filter chain: Ant [pattern='/**'], []

2022-06-21 08:50:13,962 INFO Creating filter chain: any request, [org.springframework.security.web.context.request.async.WebAsyncManagerIntegrationFilter@68699afc, org.springframework.security.web.context.SecurityContextPersistenceFilter@6ebc9573, org.springframework.security.web.header.HeaderWriterFilter@79d82f66, org.springframework.security.web.csrf.CsrfFilter@2e32fc22, org.springframework.security.web.authentication.logout.LogoutFilter@7c37f145, org.springframework.security.web.savedrequest.RequestCacheAwareFilter@630390b9, org.springframework.security.web.servletapi.SecurityContextHolderAwareRequestFilter@36c2d629, org.springframework.security.web.authentication.AnonymousAuthenticationFilter@273a5a8a, org.springframework.security.web.session.SessionManagementFilter@bfec2f9, org.springframework.security.web.access.ExceptionTranslationFilter@66de00f2]

2022-06-21 08:50:14,111 INFO Initializing ExecutorService 'taskScheduler'

2022-06-21 08:50:14,129 INFO Exposing 2 endpoint(s) beneath base path '/actuator'

2022-06-21 08:50:14,251 INFO Tomcat started on port(s): 9000 (http) with context path '/nacos'

2022-06-21 08:50:14,255 INFO Started Nacos in 15.054 seconds (JVM running for 15.955)

2022-06-21 08:50:14,256 INFO Nacos started successfully in stand alone mode. use embedded storage

2022-06-21 08:51:30,885 INFO Initializing Spring DispatcherServlet 'dispatcherServlet'

2022-06-21 08:51:30,885 INFO Initializing Servlet 'dispatcherServlet'

2022-06-21 08:51:30,897 INFO Completed initialization in 11 ms

2022-06-21 09:00:12,494 INFO [capacityManagement] start correct usage

2022-06-21 09:00:12,506 INFO [capacityManagement] end correct usage, cost: 0s

2022-06-21 09:00:12,650 WARN clearConfigHistory start

2022-06-21 09:10:12,518 INFO [capacityManagement] start correct usage

2022-06-21 09:10:12,519 INFO [capacityManagement] end correct usage, cost: 0s

2022-06-21 09:10:12,676 WARN clearConfigHistory start

2022-06-21 09:20:12,522 INFO [capacityManagement] start correct usage

2022-06-21 09:20:12,523 INFO [capacityManagement] end correct usage, cost: 0s

2022-06-21 09:20:12,679 WARN clearConfigHistory start

2022-06-21 09:30:12,524 INFO [capacityManagement] start correct usage

2022-06-21 09:30:12,525 INFO [capacityManagement] end correct usage, cost: 0s

2022-06-21 09:30:12,681 WARN clearConfigHistory start

2022-06-21 10:12:38,749 INFO Starting Nacos v1.4.2 on DESKTOP-9T8T1CD with PID 23912 (D:\program-design\nacos-server-1.4.2\nacos\target\nacos-server.jar started by NoFat in D:\program-design\nacos-server-1.4.2\nacos\bin)

2022-06-21 10:12:38,749 INFO The following profiles are active: standalone

2022-06-21 10:12:41,523 INFO Bean 'org.springframework.security.access.expression.method.DefaultMethodSecurityExpressionHandler@4f8969b0' of type [org.springframework.security.access.expression.method.DefaultMethodSecurityExpressionHandler] is not eligible for getting processed by all BeanPostProcessors (for example: not eligible for auto-proxying)

2022-06-21 10:12:41,530 INFO Bean 'methodSecurityMetadataSource' of type [org.springframework.security.access.method.DelegatingMethodSecurityMetadataSource] is not eligible for getting processed by all BeanPostProcessors (for example: not eligible for auto-proxying)

2022-06-21 10:12:41,975 INFO Tomcat initialized with port(s): 9000 (http)

2022-06-21 10:12:42,035 INFO Starting service [Tomcat]

2022-06-21 10:12:42,035 INFO Starting Servlet engine: [Apache Tomcat/9.0.38]

2022-06-21 10:12:42,063 INFO Loaded Apache Tomcat Native library [1.2.26] using APR version [1.7.0].

2022-06-21 10:12:42,064 INFO APR capabilities: IPv6 [true], sendfile [true], accept filters [false], random [true].

2022-06-21 10:12:42,064 INFO APR/OpenSSL configuration: useAprConnector [false], useOpenSSL [true]

2022-06-21 10:12:42,071 INFO OpenSSL successfully initialized [OpenSSL 1.1.1i  8 Dec 2020]

2022-06-21 10:12:42,454 INFO At least one JAR was scanned for TLDs yet contained no TLDs. Enable debug logging for this logger for a complete list of JARs that were scanned but no TLDs were found in them. Skipping unneeded JARs during scanning can improve startup time and JSP compilation time.

2022-06-21 10:12:42,499 INFO Initializing Spring embedded WebApplicationContext

2022-06-21 10:12:42,499 INFO Root WebApplicationContext: initialization completed in 3704 ms

2022-06-21 10:12:43,050 INFO HikariPool-1 - Starting...

2022-06-21 10:12:43,057 WARN Registered driver with driverClassName=org.apache.derby.jdbc.EmbeddedDriver was not found, trying direct instantiation.

2022-06-21 10:12:43,489 INFO HikariPool-1 - Driver does not support get/set network timeout for connections. (Feature not implemented: No details.)

2022-06-21 10:12:43,491 INFO HikariPool-1 - Start completed.

2022-06-21 10:12:44,148 INFO Nacos-related cluster resource initialization

2022-06-21 10:12:44,157 INFO The cluster resource is initialized

2022-06-21 10:12:44,716 INFO Reflections took 33 ms to scan 1 urls, producing 4 keys and 6 values 

2022-06-21 10:12:44,738 INFO Reflections took 4 ms to scan 1 urls, producing 6 keys and 26 values 

2022-06-21 10:12:44,751 INFO Reflections took 3 ms to scan 1 urls, producing 3 keys and 15 values 

2022-06-21 10:12:44,759 INFO Reflections took 2 ms to scan 1 urls, producing 2 keys and 12 values 

2022-06-21 10:12:45,470 INFO Initializing ExecutorService 'applicationTaskExecutor'

2022-06-21 10:12:45,647 INFO Adding welcome page: class path resource [static/index.html]

2022-06-21 10:12:46,011 INFO Creating filter chain: Ant [pattern='/**'], []

2022-06-21 10:12:46,047 INFO Creating filter chain: any request, [org.springframework.security.web.context.request.async.WebAsyncManagerIntegrationFilter@4b960b5b, org.springframework.security.web.context.SecurityContextPersistenceFilter@56e9a474, org.springframework.security.web.header.HeaderWriterFilter@48a663e9, org.springframework.security.web.csrf.CsrfFilter@60c1663c, org.springframework.security.web.authentication.logout.LogoutFilter@465b38e6, org.springframework.security.web.savedrequest.RequestCacheAwareFilter@2dbfcf7, org.springframework.security.web.servletapi.SecurityContextHolderAwareRequestFilter@2acdcce8, org.springframework.security.web.authentication.AnonymousAuthenticationFilter@1b13467c, org.springframework.security.web.session.SessionManagementFilter@39ffda4a, org.springframework.security.web.access.ExceptionTranslationFilter@939ff41]

2022-06-21 10:12:46,143 INFO Initializing ExecutorService 'taskScheduler'

2022-06-21 10:12:46,163 INFO Exposing 2 endpoint(s) beneath base path '/actuator'

2022-06-21 10:12:46,260 INFO Tomcat started on port(s): 9000 (http) with context path '/nacos'

2022-06-21 10:12:46,263 INFO Started Nacos in 9.946 seconds (JVM running for 10.567)

2022-06-21 10:12:46,263 INFO Nacos started successfully in stand alone mode. use embedded storage

2022-06-21 10:13:14,329 INFO Initializing Spring DispatcherServlet 'dispatcherServlet'

2022-06-21 10:13:14,329 INFO Initializing Servlet 'dispatcherServlet'

2022-06-21 10:13:14,335 INFO Completed initialization in 6 ms

